1653965813727	geckodriver	INFO	Listening on 127.0.0.1:52114
1653965816835	mozrunner::runner	INFO	Running command: "C:\\Program Files\\Mozilla Firefox\\firefox.exe" "--marionette" "--remote-debugging-port" "52115" "--remote-allow-hosts" "localhost" "-no-remote" "-profile" "C:\\Users\\user\\AppData\\Local\\Temp\\rust_mozprofilee150hQ"
1653965817623	Marionette	INFO	Marionette enabled
console.warn: SearchSettings: "get: No settings file exists, new profile?" (new NotFoundError("Could not open the file at C:\\Users\\user\\AppData\\Local\\Temp\\rust_mozprofilee150hQ\\search.json.mozlz4", (void 0)))
DevTools listening on ws://localhost:52115/devtools/browser/6be3e585-4fd3-4108-a5ed-30e85e09cdb2
1653965820700	Marionette	INFO	Listening on port 52142
Read port: 52142
1653965820761	RemoteAgent	WARN	TLS certificate errors will be ignored for this session
JavaScript warning: https://www.naukri.com/5_wdQUsLZiU-7kN5B3rl/EftaSmJw9wuE/Wh86Cj0C/EhUjelx/0ZDM, line 1: WEBGL_debug_renderer_info is deprecated in Firefox and will be removed. Please use RENDERER.
1653965866026	Marionette	INFO	Stopped listening on port 52142

###!!! [Parent][PGPUParent] Error: RunMessage(msgname=PGPU::Msg_ShutdownVR) Channel closing: too late to send/recv, messages will be lost

1653965907343	geckodriver	INFO	Listening on 127.0.0.1:52227
1653965910400	mozrunner::runner	INFO	Running command: "C:\\Program Files\\Mozilla Firefox\\firefox.exe" "--marionette" "--remote-debugging-port" "52228" "--remote-allow-hosts" "localhost" "-no-remote" "-profile" "C:\\Users\\user\\AppData\\Local\\Temp\\rust_mozprofileL75Z6m"
1653965911120	Marionette	INFO	Marionette enabled
console.warn: SearchSettings: "get: No settings file exists, new profile?" (new NotFoundError("Could not open the file at C:\\Users\\user\\AppData\\Local\\Temp\\rust_mozprofileL75Z6m\\search.json.mozlz4", (void 0)))
DevTools listening on ws://localhost:52228/devtools/browser/8c64644c-0ac3-4e0f-8085-d7717577bfce
1653965913856	Marionette	INFO	Listening on port 52252
Read port: 52252
1653965913903	RemoteAgent	WARN	TLS certificate errors will be ignored for this session
1653966030163	Marionette	INFO	Stopped listening on port 52252
JavaScript error: , line 0: NotFoundError: No such JSWindowActor 'DevToolsFrame'
1653966061166	geckodriver	INFO	Listening on 127.0.0.1:52303
1653966064237	mozrunner::runner	INFO	Running command: "C:\\Program Files\\Mozilla Firefox\\firefox.exe" "--marionette" "--remote-debugging-port" "52304" "--remote-allow-hosts" "localhost" "-no-remote" "-profile" "C:\\Users\\user\\AppData\\Local\\Temp\\rust_mozprofilelbvkV8"
1653966064899	Marionette	INFO	Marionette enabled
console.warn: SearchSettings: "get: No settings file exists, new profile?" (new NotFoundError("Could not open the file at C:\\Users\\user\\AppData\\Local\\Temp\\rust_mozprofilelbvkV8\\search.json.mozlz4", (void 0)))
DevTools listening on ws://localhost:52304/devtools/browser/d1fdb318-e675-43ae-b562-32d33961e63f
1653966067616	Marionette	INFO	Listening on port 52328
Read port: 52328
1653966067716	RemoteAgent	WARN	TLS certificate errors will be ignored for this session
1653966082502	Marionette	INFO	Stopped listening on port 52328
1653966121968	geckodriver	INFO	Listening on 127.0.0.1:52367
1653966125022	mozrunner::runner	INFO	Running command: "C:\\Program Files\\Mozilla Firefox\\firefox.exe" "--marionette" "--remote-debugging-port" "52368" "--remote-allow-hosts" "localhost" "-no-remote" "-profile" "C:\\Users\\user\\AppData\\Local\\Temp\\rust_mozprofileEAtfsf"
1653966125691	Marionette	INFO	Marionette enabled
console.warn: SearchSettings: "get: No settings file exists, new profile?" (new NotFoundError("Could not open the file at C:\\Users\\user\\AppData\\Local\\Temp\\rust_mozprofileEAtfsf\\search.json.mozlz4", (void 0)))
DevTools listening on ws://localhost:52368/devtools/browser/a5fe6111-c938-45df-b85e-391c1d37d4ee
1653966128354	Marionette	INFO	Listening on port 52394
Read port: 52394
1653966128389	RemoteAgent	WARN	TLS certificate errors will be ignored for this session
1653966151826	Marionette	INFO	Stopped listening on port 52394

###!!! [Child][PContentChild] Error: RunMessage(msgname=PContent::Msg_DestroyBrowsingContextGroup) Channel closing: too late to send/recv, messages will be lost

JavaScript error: resource://gre/modules/Sqlite.jsm, line 1105: Error: Sqlite.jsm has been shutdown. Cannot open connection to: C:\Users\user\AppData\Local\Temp\rust_mozprofileEAtfsf\protections.sqlite

###!!! [Parent][PGPUParent] Error: RunMessage(msgname=PGPU::Msg_ShutdownVR) Channel closing: too late to send/recv, messages will be lost

1653989801320	geckodriver	INFO	Listening on 127.0.0.1:50215
1653989804355	mozrunner::runner	INFO	Running command: "C:\\Program Files\\Mozilla Firefox\\firefox.exe" "--marionette" "--remote-debugging-port" "50216" "--remote-allow-hosts" "localhost" "-no-remote" "-profile" "C:\\Users\\user\\AppData\\Local\\Temp\\rust_mozprofileIQvR41"
1653989804814	Marionette	INFO	Marionette enabled
console.warn: SearchSettings: "get: No settings file exists, new profile?" (new NotFoundError("Could not open the file at C:\\Users\\user\\AppData\\Local\\Temp\\rust_mozprofileIQvR41\\search.json.mozlz4", (void 0)))
DevTools listening on ws://localhost:50216/devtools/browser/81ec2b64-f2f3-4dc4-b092-9e8942f79378
1653989806794	Marionette	INFO	Listening on port 50237
Read port: 50237
1653989806894	RemoteAgent	WARN	TLS certificate errors will be ignored for this session
1653992766391	Marionette	INFO	Stopped listening on port 50237
console.warn: TopSitesFeed: Failed to fetch data from Contile server: NetworkError when attempting to fetch resource.

###!!! [Parent][PGPUParent] Error: RunMessage(msgname=PGPU::Msg_ShutdownVR) Channel closing: too late to send/recv, messages will be lost

leYrevbm"
1653990028061	Marionette	INFO	Marionette enabled
console.warn: SearchSettings: "get: No settings file exists, new profile?" (new NotFoundError("Could not open the file at C:\\Users\\user\\AppData\\Local\\Temp\\rust_mozprofileYrevbm\\search.json.mozlz4", (void 0)))
DevTools listening on ws://localhost:50339/devtools/browser/c7c15f62-6257-4873-82bf-c543f5e38f7c
1653990029802	Marionette	INFO	Listening on port 50360
Read port: 50360
1653990029926	RemoteAgent	WARN	TLS certificate errors will be ignored for this session
1653990067735	Marionette	INFO	Stopped listening on port 50360

###!!! [Parent][PContentParent] Error: Send(msgname=PContent::Msg_DestroyBrowsingContextGroup) Closed channel: cannot send/recv

JavaScript error: resource://gre/modules/Sqlite.jsm, line 1105: Error: Sqlite.jsm has been shutdown. Cannot open connection to: C:\Users\user\AppData\Local\Temp\rust_mozprofileYrevbm\protections.sqlite
1653990689261	geckodriver	INFO	Listening on 127.0.0.1:50571
1653990692295	mozrunner::runner	INFO	Running command: "C:\\Program Files\\Mozilla Firefox\\firefox.exe" "--marionette" "--remote-debugging-port" "50572" "--remote-allow-hosts" "localhost" "-no-remote" "-profile" "C:\\Users\\user\\AppData\\Local\\Temp\\rust_mozprofile1jEG5g"
1653990692646	Marionette	INFO	Marionette enabled
console.warn: SearchSettings: "get: No settings file exists, new profile?" (new NotFoundError("Could not open the file at C:\\Users\\user\\AppData\\Local\\Temp\\rust_mozprofile1jEG5g\\search.json.mozlz4", (void 0)))
DevTools listening on ws://localhost:50572/devtools/browser/f26fd129-0807-44ec-9cca-9db043ce2cfb
1653990694449	Marionette	INFO	Listening on port 50595
Read port: 50595
1653990694513	RemoteAgent	WARN	TLS certificate errors will be ignored for this session
JavaScript error: resource://gre/modules/AsyncShutdown.jsm, line 575: NotFoundError: No such JSWindowActor 'DevToolsFrame'
1653993166460	Marionette	INFO	Stopped listening on port 50595
JavaScript error: chrome://remote/content/marionette/cert.js, line 55: NS_ERROR_NOT_AVAILABLE: Component returned failure code: 0x80040111 (NS_ERROR_NOT_AVAILABLE) [nsICertOverrideService.setDisableAllSecurityChecksAndLetAttackersInterceptMyData]

###!!! [Parent][PGPUParent] Error: RunMessage(msgname=PGPU::Msg_ShutdownVR) Channel closing: too late to send/recv, messages will be lost

1653993171706	geckodriver	INFO	Listening on 127.0.0.1:50969
1653993174762	mozrunner::runner	INFO	Running command: "C:\\Program Files\\Mozilla Firefox\\firefox.exe" "--marionette" "--remote-debugging-port" "50970" "--remote-allow-hosts" "localhost" "-no-remote" "-profile" "C:\\Users\\user\\AppData\\Local\\Temp\\rust_mozprofile8tuCg0"
1653993175474	Marionette	INFO	Marionette enabled
console.warn: SearchSettings: "get: No settings file exists, new profile?" (new NotFoundError("Could not open the file at C:\\Users\\user\\AppData\\Local\\Temp\\rust_mozprofile8tuCg0\\search.json.mozlz4", (void 0)))
DevTools listening on ws://localhost:50970/devtools/browser/87005ffc-0a60-4384-bb71-ff4930a43298
1653993178411	Marionette	INFO	Listening on port 50993
Read port: 50993
1653993178512	RemoteAgent	WARN	TLS certificate errors will be ignored for this session
JavaScript error: resource://gre/modules/AsyncShutdown.jsm, line 575: NotFoundError: No such JSWindowActor 'DevToolsFrame'
1653993942798	Marionette	INFO	Stopped listening on port 50993

###!!! [Parent][PGPUParent] Error: RunMessage(msgname=PGPU::Msg_ShutdownVR) Channel closing: too late to send/recv, messages will be lost

G2a"
1653993748176	Marionette	INFO	Marionette enabled
console.warn: SearchSettings: "get: No settings file exists, new profile?" (new NotFoundError("Could not open the file at C:\\Users\\user\\AppData\\Local\\Temp\\rust_mozprofileS4EG2a\\search.json.mozlz4", (void 0)))
DevTools listening on ws://localhost:51122/devtools/browser/94314121-72b9-4436-83ac-4fe76a2ca063
1653993750954	Marionette	INFO	Listening on port 51145
Read port: 51145
1653993751089	RemoteAgent	WARN	TLS certificate errors will be ignored for this session
1653993943909	Marionette	INFO	Stopped listening on port 51145
console.warn: TopSitesFeed: Failed to fetch data from Contile server: NetworkError when attempting to fetch resource.
JavaScript error: chrome://remote/content/marionette/cert.js, line 55: NS_ERROR_NOT_AVAILABLE: Component returned failure code: 0x80040111 (NS_ERROR_NOT_AVAILABLE) [nsICertOverrideService.setDisableAllSecurityChecksAndLetAttackersInterceptMyData]
gs file exists, new profile?" (new NotFoundError("Could not open the file at C:\\Users\\user\\AppData\\Local\\Temp\\rust_mozprofilerGgf1S\\search.json.mozlz4", (void 0)))
DevTools listening on ws://localhost:51202/devtools/browser/9efb6db2-99b0-4e6a-b4f1-d7d95abbfb53
1653993877644	Marionette	INFO	Listening on port 51227
Read port: 51227
1653993877677	RemoteAgent	WARN	TLS certificate errors will be ignored for this session
1653993929657	Marionette	INFO	Stopped listening on port 51227
console.warn: TopSitesFeed: Failed to fetch data from Contile server: NetworkError when attempting to fetch resource.
JavaScript error: chrome://remote/content/marionette/cert.js, line 55: NS_ERROR_NOT_AVAILABLE: Component returned failure code: 0x80040111 (NS_ERROR_NOT_AVAILABLE) [nsICertOverrideService.setDisableAllSecurityChecksAndLetAttackersInterceptMyData]

###!!! [Parent][PGPUParent] Error: RunMessage(msgname=PGPU::Msg_ShutdownVR) Channel closing: too late to send/recv, messages will be lost

1653993951545	geckodriver	INFO	Listening on 127.0.0.1:51274
1653993954589	mozrunner::runner	INFO	Running command: "C:\\Program Files\\Mozilla Firefox\\firefox.exe" "--marionette" "--remote-debugging-port" "51275" "--remote-allow-hosts" "localhost" "-no-remote" "-profile" "C:\\Users\\user\\AppData\\Local\\Temp\\rust_mozprofile5KW4ww"
1653993955229	Marionette	INFO	Marionette enabled
console.warn: SearchSettings: "get: No settings file exists, new profile?" (new NotFoundError("Could not open the file at C:\\Users\\user\\AppData\\Local\\Temp\\rust_mozprofile5KW4ww\\search.json.mozlz4", (void 0)))
DevTools listening on ws://localhost:51275/devtools/browser/c82cd0a0-8439-4cc6-a050-6f98b6ccc97a
1653993958003	Marionette	INFO	Listening on port 51298
Read port: 51298
1653993958059	RemoteAgent	WARN	TLS certificate errors will be ignored for this session
1654003477105	Marionette	INFO	Stopped listening on port 51298
console.warn: TopSitesFeed: Failed to fetch data from Contile server: NetworkError when attempting to fetch resource.

###!!! [Parent][PGPUParent] Error: RunMessage(msgname=PGPU::Msg_ShutdownVR) Channel closing: too late to send/recv, messages will be lost

lemi85xY"
1653994351648	Marionette	INFO	Marionette enabled
console.warn: SearchSettings: "get: No settings file exists, new profile?" (new NotFoundError("Could not open the file at C:\\Users\\user\\AppData\\Local\\Temp\\rust_mozprofilemi85xY\\search.json.mozlz4", (void 0)))
DevTools listening on ws://localhost:51363/devtools/browser/f1244d3c-4840-4adc-9aef-eb5c5c2cd31e
1653994354202	Marionette	INFO	Listening on port 51409
Read port: 51409
1653994354251	RemoteAgent	WARN	TLS certificate errors will be ignored for this session
1653994513445	Marionette	INFO	Stopped listening on port 51409
console.warn: TopSitesFeed: Failed to fetch data from Contile server: NetworkError when attempting to fetch resource.
JavaScript error: chrome://remote/content/marionette/cert.js, line 55: NS_ERROR_NOT_AVAILABLE: Component returned failure code: 0x80040111 (NS_ERROR_NOT_AVAILABLE) [nsICertOverrideService.setDisableAllSecurityChecksAndLetAttackersInterceptMyData]
[Parent 5236, IPC I/O Parent] WARNING: file /builds/worker/checkouts/gecko/ipc/chromium/src/base/process_util_win.cc:167

###!!! [Parent][PGPUParent] Error: RunMessage(msgname=PGPU::Msg_ShutdownVR) Channel closing: too late to send/recv, messages will be lost

1653994522440	geckodriver	INFO	Listening on 127.0.0.1:51485
1653994525504	mozrunner::runner	INFO	Running command: "C:\\Program Files\\Mozilla Firefox\\firefox.exe" "--marionette" "--remote-debugging-port" "51486" "--remote-allow-hosts" "localhost" "-no-remote" "-profile" "C:\\Users\\user\\AppData\\Local\\Temp\\rust_mozprofile7yBXRM"
1653994526168	Marionette	INFO	Marionette enabled
console.warn: SearchSettings: "get: No settings file exists, new profile?" (new NotFoundError("Could not open the file at C:\\Users\\user\\AppData\\Local\\Temp\\rust_mozprofile7yBXRM\\search.json.mozlz4", (void 0)))
DevTools listening on ws://localhost:51486/devtools/browser/b3031c3d-d538-4291-8ecd-e337e70150cf
1653994528882	Marionette	INFO	Listening on port 51509
Read port: 51509
1653994528987	RemoteAgent	WARN	TLS certificate errors will be ignored for this session
1654003478244	Marionette	INFO	Stopped listening on port 51509
console.warn: TopSitesFeed: Failed to fetch data from Contile server: NetworkError when attempting to fetch resource.

###!!! [Parent][PGPUParent] Error: RunMessage(msgname=PGPU::Msg_ShutdownVR) Channel closing: too late to send/recv, messages will be lost

leYWw0jT"
1653994612820	Marionette	INFO	Marionette enabled
console.warn: SearchSettings: "get: No settings file exists, new profile?" (new NotFoundError("Could not open the file at C:\\Users\\user\\AppData\\Local\\Temp\\rust_mozprofileYWw0jT\\search.json.mozlz4", (void 0)))
DevTools listening on ws://localhost:51556/devtools/browser/288069b2-096e-4b0a-a5dd-abddddd99386
1653994615566	Marionette	INFO	Listening on port 51579
Read port: 51579
1653994615634	RemoteAgent	WARN	TLS certificate errors will be ignored for this session
1654003472652	Marionette	INFO	Stopped listening on port 51579
console.warn: TopSitesFeed: Failed to fetch data from Contile server: NetworkError when attempting to fetch resource.
remote-debugging-port" "51620" "--remote-allow-hosts" "localhost" "-no-remote" "-profile" "C:\\Users\\user\\AppData\\Local\\Temp\\rust_mozprofileTTS2ee"
1653994717655	Marionette	INFO	Marionette enabled
console.warn: SearchSettings: "get: No settings file exists, new profile?" (new NotFoundError("Could not open the file at C:\\Users\\user\\AppData\\Local\\Temp\\rust_mozprofileTTS2ee\\search.json.mozlz4", (void 0)))
DevTools listening on ws://localhost:51620/devtools/browser/1342f754-ea95-42fc-9b47-057906c01ed5
1653994720492	Marionette	INFO	Listening on port 51643
Read port: 51643
1653994720555	RemoteAgent	WARN	TLS certificate errors will be ignored for this session
1654003474664	Marionette	INFO	Stopped listening on port 51643
console.warn: TopSitesFeed: Failed to fetch data from Contile server: NetworkError when attempting to fetch resource.
JavaScript error: chrome://remote/content/marionette/cert.js, line 55: NS_ERROR_NOT_AVAILABLE: Component returned failure code: 0x80040111 (NS_ERROR_NOT_AVAILABLE) [nsICertOverrideService.setDisableAllSecurityChecksAndLetAttackersInterceptMyData]
1654003793639	geckodriver	INFO	Listening on 127.0.0.1:51966
1654003796686	mozrunner::runner	INFO	Running command: "C:\\Program Files\\Mozilla Firefox\\firefox.exe" "--marionette" "--remote-debugging-port" "51967" "--remote-allow-hosts" "localhost" "-no-remote" "-profile" "C:\\Users\\user\\AppData\\Local\\Temp\\rust_mozprofilevvYZXj"
1654003797444	Marionette	INFO	Marionette enabled
console.warn: SearchSettings: "get: No settings file exists, new profile?" (new NotFoundError("Could not open the file at C:\\Users\\user\\AppData\\Local\\Temp\\rust_mozprofilevvYZXj\\search.json.mozlz4", (void 0)))
DevTools listening on ws://localhost:51967/devtools/browser/f3c4f2c0-f2e3-4937-9cc5-f3fb62aba54f
1654003800453	Marionette	INFO	Listening on port 51990
Read port: 51990
1654003800524	RemoteAgent	WARN	TLS certificate errors will be ignored for this session
1654004052668	Marionette	INFO	Stopped listening on port 51990
console.warn: TopSitesFeed: Failed to fetch data from Contile server: NetworkError when attempting to fetch resource.
remote-debugging-port" "52060" "--remote-allow-hosts" "localhost" "-no-remote" "-profile" "C:\\Users\\user\\AppData\\Local\\Temp\\rust_mozprofilexTUGG3"
1654003985896	Marionette	INFO	Marionette enabled
console.warn: SearchSettings: "get: No settings file exists, new profile?" (new NotFoundError("Could not open the file at C:\\Users\\user\\AppData\\Local\\Temp\\rust_mozprofilexTUGG3\\search.json.mozlz4", (void 0)))
DevTools listening on ws://localhost:52060/devtools/browser/927633a5-5991-4501-8084-54637e761e06
1654003988664	Marionette	INFO	Listening on port 52083
Read port: 52083
1654003988715	RemoteAgent	WARN	TLS certificate errors will be ignored for this session
1654004053823	Marionette	INFO	Stopped listening on port 52083
console.warn: TopSitesFeed: Failed to fetch data from Contile server: NetworkError when attempting to fetch resource.
JavaScript error: chrome://remote/content/marionette/cert.js, line 55: NS_ERROR_NOT_AVAILABLE: Component returned failure code: 0x80040111 (NS_ERROR_NOT_AVAILABLE) [nsICertOverrideService.setDisableAllSecurityChecksAndLetAttackersInterceptMyData]

###!!! [Parent][PGPUParent] Error: RunMessage(msgname=PGPU::Msg_ShutdownVR) Channel closing: too late to send/recv, messages will be lost

ch.json.mozlz4", (void 0)))
DevTools listening on ws://localhost:52126/devtools/browser/48c5bea0-27d9-420e-b7fc-55d169fcd705
1654004044192	Marionette	INFO	Listening on port 52149
Read port: 52149
1654004044261	RemoteAgent	WARN	TLS certificate errors will be ignored for this session
1654004054787	Marionette	INFO	Stopped listening on port 52149
console.warn: TopSitesFeed: Failed to fetch data from Contile server: NetworkError when attempting to fetch resource.
JavaScript error: chrome://remote/content/marionette/cert.js, line 55: NS_ERROR_NOT_AVAILABLE: Component returned failure code: 0x80040111 (NS_ERROR_NOT_AVAILABLE) [nsICertOverrideService.setDisableAllSecurityChecksAndLetAttackersInterceptMyData]

###!!! [Parent][PGPUParent] Error: RunMessage(msgname=PGPU::Msg_ShutdownVR) Channel closing: too late to send/recv, messages will be lost

1654004081405	geckodriver	INFO	Listening on 127.0.0.1:52188
1654004084447	mozrunner::runner	INFO	Running command: "C:\\Program Files\\Mozilla Firefox\\firefox.exe" "--marionette" "--remote-debugging-port" "52189" "--remote-allow-hosts" "localhost" "-no-remote" "-profile" "C:\\Users\\user\\AppData\\Local\\Temp\\rust_mozprofileYJB5aW"
1654004085158	Marionette	INFO	Marionette enabled
console.warn: SearchSettings: "get: No settings file exists, new profile?" (new NotFoundError("Could not open the file at C:\\Users\\user\\AppData\\Local\\Temp\\rust_mozprofileYJB5aW\\search.json.mozlz4", (void 0)))
DevTools listening on ws://localhost:52189/devtools/browser/111140c9-09f5-45c0-aa81-ac814e5dfb49
1654004088095	Marionette	INFO	Listening on port 52227
Read port: 52227
1654004088132	RemoteAgent	WARN	TLS certificate errors will be ignored for this session
1654004169303	Marionette	INFO	Stopped listening on port 52227
console.warn: TopSitesFeed: Failed to fetch data from Contile server: NetworkError when attempting to fetch resource.
JavaScript error: chrome://remote/content/marionette/cert.js, line 55: NS_ERROR_NOT_AVAILABLE: Component returned failure code: 0x80040111 (NS_ERROR_NOT_AVAILABLE) [nsICertOverrideService.setDisableAllSecurityChecksAndLetAttackersInterceptMyData]

###!!! [Parent][PGPUParent] Error: RunMessage(msgname=PGPU::Msg_ShutdownVR) Channel closing: too late to send/recv, messages will be lost

ch.json.mozlz4", (void 0)))
DevTools listening on ws://localhost:52260/devtools/browser/0fd450f4-1cc5-4d0b-9dfa-fa241e4828d0
1654004114610	Marionette	INFO	Listening on port 52284
Read port: 52284
1654004114653	RemoteAgent	WARN	TLS certificate errors will be ignored for this session
1654004168582	Marionette	INFO	Stopped listening on port 52284
console.warn: TopSitesFeed: Failed to fetch data from Contile server: NetworkError when attempting to fetch resource.
JavaScript error: chrome://remote/content/marionette/cert.js, line 55: NS_ERROR_NOT_AVAILABLE: Component returned failure code: 0x80040111 (NS_ERROR_NOT_AVAILABLE) [nsICertOverrideService.setDisableAllSecurityChecksAndLetAttackersInterceptMyData]
JavaScript error: resource://gre/modules/CrashManager.jsm, line 898: AbortError: IOUtils: Shutting down and refusing additional I/O tasks

###!!! [Parent][PGPUParent] Error: RunMessage(msgname=PGPU::Msg_ShutdownVR) Channel closing: too late to send/recv, messages will be lost

1654004511449	geckodriver	INFO	Listening on 127.0.0.1:52434
1654004514491	mozrunner::runner	INFO	Running command: "C:\\Program Files\\Mozilla Firefox\\firefox.exe" "--marionette" "--remote-debugging-port" "52435" "--remote-allow-hosts" "localhost" "-no-remote" "-profile" "C:\\Users\\user\\AppData\\Local\\Temp\\rust_mozprofileu9OW75"
1654004515177	Marionette	INFO	Marionette enabled
console.warn: SearchSettings: "get: No settings file exists, new profile?" (new NotFoundError("Could not open the file at C:\\Users\\user\\AppData\\Local\\Temp\\rust_mozprofileu9OW75\\search.json.mozlz4", (void 0)))
DevTools listening on ws://localhost:52435/devtools/browser/b21b772c-3197-49b8-9518-d4437c33d925
1654004518008	Marionette	INFO	Listening on port 52459
Read port: 52459
1654004518073	RemoteAgent	WARN	TLS certificate errors will be ignored for this session
1654004719052	Marionette	INFO	Stopped listening on port 52459

###!!! [Child][PContentChild] Error: RunMessage(msgname=PContent::Reply_DiscardBrowsingContext) Channel closing: too late to send/recv, messages will be lost


###!!! [Parent][PContentParent] Error: Send(msgname=PContent::Msg_DestroyBrowsingContextGroup) Closed channel: cannot send/recv

JavaScript error: resource://gre/modules/Sqlite.jsm, line 1105: Error: Sqlite.jsm has been shutdown. Cannot open connection to: C:\Users\user\AppData\Local\Temp\rust_mozprofileu9OW75\protections.sqlite
1654004957154	geckodriver	INFO	Listening on 127.0.0.1:52628
1654004960224	mozrunner::runner	INFO	Running command: "C:\\Program Files\\Mozilla Firefox\\firefox.exe" "--marionette" "--remote-debugging-port" "52629" "--remote-allow-hosts" "localhost" "-no-remote" "-profile" "C:\\Users\\user\\AppData\\Local\\Temp\\rust_mozprofilemyqv42"
1654004960895	Marionette	INFO	Marionette enabled
console.warn: SearchSettings: "get: No settings file exists, new profile?" (new NotFoundError("Could not open the file at C:\\Users\\user\\AppData\\Local\\Temp\\rust_mozprofilemyqv42\\search.json.mozlz4", (void 0)))
DevTools listening on ws://localhost:52629/devtools/browser/a5f3ca25-8148-470b-99fa-e4889dfaffea
1654004963704	Marionette	INFO	Listening on port 52652
Read port: 52652
1654004963740	RemoteAgent	WARN	TLS certificate errors will be ignored for this session
1654005117217	Marionette	INFO	Stopped listening on port 52652

###!!! [Parent][PContentParent] Error: Send(msgname=PContent::Msg_DestroyBrowsingContextGroup) Closed channel: cannot send/recv

JavaScript error: resource://gre/modules/Sqlite.jsm, line 1105: Error: Sqlite.jsm has been shutdown. Cannot open connection to: C:\Users\user\AppData\Local\Temp\rust_mozprofilemyqv42\protections.sqlite

###!!! [Parent][PGPUParent] Error: RunMessage(msgname=PGPU::Msg_ShutdownVR) Channel closing: too late to send/recv, messages will be lost

1654005176448	geckodriver	INFO	Listening on 127.0.0.1:52728
1654005179510	mozrunner::runner	INFO	Running command: "C:\\Program Files\\Mozilla Firefox\\firefox.exe" "--marionette" "--remote-debugging-port" "52729" "--remote-allow-hosts" "localhost" "-no-remote" "-profile" "C:\\Users\\user\\AppData\\Local\\Temp\\rust_mozprofiles7vxLg"
1654005180185	Marionette	INFO	Marionette enabled
console.warn: SearchSettings: "get: No settings file exists, new profile?" (new NotFoundError("Could not open the file at C:\\Users\\user\\AppData\\Local\\Temp\\rust_mozprofiles7vxLg\\search.json.mozlz4", (void 0)))
DevTools listening on ws://localhost:52729/devtools/browser/19cb7000-4a53-4291-b66f-b5f24ca5814c
1654005182970	Marionette	INFO	Listening on port 52752
Read port: 52752
1654005183100	RemoteAgent	WARN	TLS certificate errors will be ignored for this session
1654005439054	Marionette	INFO	Stopped listening on port 52752

###!!! [Parent][PContentParent] Error: Send(msgname=PContent::Msg_DestroyBrowsingContextGroup) Closed channel: cannot send/recv

JavaScript error: resource://gre/modules/AsyncShutdown.jsm, line 718: Error: Phase "Sqlite.jsm: wait until all connections are closed" is finished, it is too late to register completion condition "protections.sqlite#0: waiting for shutdown"
1654005609285	geckodriver	INFO	Listening on 127.0.0.1:52829
1654005612350	mozrunner::runner	INFO	Running command: "C:\\Program Files\\Mozilla Firefox\\firefox.exe" "--marionette" "--remote-debugging-port" "52830" "--remote-allow-hosts" "localhost" "-no-remote" "-profile" "C:\\Users\\user\\AppData\\Local\\Temp\\rust_mozprofilezhNZhw"
1654005613047	Marionette	INFO	Marionette enabled
console.warn: SearchSettings: "get: No settings file exists, new profile?" (new NotFoundError("Could not open the file at C:\\Users\\user\\AppData\\Local\\Temp\\rust_mozprofilezhNZhw\\search.json.mozlz4", (void 0)))
DevTools listening on ws://localhost:52830/devtools/browser/8a1decd5-c757-4c37-8eb9-60469943f68f
1654005615634	Marionette	INFO	Listening on port 52853
Read port: 52853
1654005615732	RemoteAgent	WARN	TLS certificate errors will be ignored for this session
1654005888650	Marionette	INFO	Stopped listening on port 52853

###!!! [Child][PContentChild] Error: RunMessage(msgname=PContent::Reply_DiscardBrowsingContext) Channel closing: too late to send/recv, messages will be lost


###!!! [Parent][PContentParent] Error: Send(msgname=PContent::Msg_DestroyBrowsingContextGroup) Closed channel: cannot send/recv

JavaScript error: resource://gre/modules/Sqlite.jsm, line 1105: Error: Sqlite.jsm has been shutdown. Cannot open connection to: C:\Users\user\AppData\Local\Temp\rust_mozprofilezhNZhw\protections.sqlite
1654005936246	geckodriver	INFO	Listening on 127.0.0.1:52914
1654005939323	mozrunner::runner	INFO	Running command: "C:\\Program Files\\Mozilla Firefox\\firefox.exe" "--marionette" "--remote-debugging-port" "52915" "--remote-allow-hosts" "localhost" "-no-remote" "-profile" "C:\\Users\\user\\AppData\\Local\\Temp\\rust_mozprofilehv1WwG"
1654005940040	Marionette	INFO	Marionette enabled
console.warn: SearchSettings: "get: No settings file exists, new profile?" (new NotFoundError("Could not open the file at C:\\Users\\user\\AppData\\Local\\Temp\\rust_mozprofilehv1WwG\\search.json.mozlz4", (void 0)))
DevTools listening on ws://localhost:52915/devtools/browser/c60e8b32-54e6-42e9-bf07-a1b57cbdd05e
1654005943054	Marionette	INFO	Listening on port 52939
Read port: 52939
1654005943107	RemoteAgent	WARN	TLS certificate errors will be ignored for this session
1654005957033	Marionette	INFO	Stopped listening on port 52939
JavaScript error: chrome://remote/content/marionette/cert.js, line 55: NS_ERROR_NOT_AVAILABLE: Component returned failure code: 0x80040111 (NS_ERROR_NOT_AVAILABLE) [nsICertOverrideService.setDisableAllSecurityChecksAndLetAttackersInterceptMyData]
1654006045825	geckodriver	INFO	Listening on 127.0.0.1:53004
1654006048880	mozrunner::runner	INFO	Running command: "C:\\Program Files\\Mozilla Firefox\\firefox.exe" "--marionette" "--remote-debugging-port" "53005" "--remote-allow-hosts" "localhost" "-no-remote" "-profile" "C:\\Users\\user\\AppData\\Local\\Temp\\rust_mozprofiless1IdV"
1654006049533	Marionette	INFO	Marionette enabled
console.warn: SearchSettings: "get: No settings file exists, new profile?" (new NotFoundError("Could not open the file at C:\\Users\\user\\AppData\\Local\\Temp\\rust_mozprofiless1IdV\\search.json.mozlz4", (void 0)))
DevTools listening on ws://localhost:53005/devtools/browser/2cfc3211-c16d-460f-959b-64ed8d5e7076
1654006052190	Marionette	INFO	Listening on port 53028
Read port: 53028
1654006052241	RemoteAgent	WARN	TLS certificate errors will be ignored for this session
1654006410580	Marionette	INFO	Stopped listening on port 53028

###!!! [Child][PContentChild] Error: RunMessage(msgname=PContent::Reply_DiscardBrowsingContext) Channel closing: too late to send/recv, messages will be lost


###!!! [Parent][PContentParent] Error: Send(msgname=PContent::Msg_DestroyBrowsingContextGroup) Closed channel: cannot send/recv

JavaScript error: resource://gre/modules/Sqlite.jsm, line 1105: Error: Sqlite.jsm has been shutdown. Cannot open connection to: C:\Users\user\AppData\Local\Temp\rust_mozprofiless1IdV\protections.sqlite
1654006490066	geckodriver	INFO	Listening on 127.0.0.1:53346
1654006493125	mozrunner::runner	INFO	Running command: "C:\\Program Files\\Mozilla Firefox\\firefox.exe" "--marionette" "--remote-debugging-port" "53347" "--remote-allow-hosts" "localhost" "-no-remote" "-profile" "C:\\Users\\user\\AppData\\Local\\Temp\\rust_mozprofilekPWQbR"
1654006493846	Marionette	INFO	Marionette enabled
console.warn: SearchSettings: "get: No settings file exists, new profile?" (new NotFoundError("Could not open the file at C:\\Users\\user\\AppData\\Local\\Temp\\rust_mozprofilekPWQbR\\search.json.mozlz4", (void 0)))
DevTools listening on ws://localhost:53347/devtools/browser/bb14105d-86bc-4ece-9aa3-5892189e55cc
1654006496641	Marionette	INFO	Listening on port 53370
Read port: 53370
1654006496724	RemoteAgent	WARN	TLS certificate errors will be ignored for this session
1654006863564	Marionette	INFO	Stopped listening on port 53370

###!!! [Child][PContentChild] Error: RunMessage(msgname=PContent::Reply_DiscardBrowsingContext) Channel closing: too late to send/recv, messages will be lost


###!!! [Parent][PContentParent] Error: Send(msgname=PContent::Msg_DestroyBrowsingContextGroup) Closed channel: cannot send/recv

JavaScript error: resource://gre/modules/Sqlite.jsm, line 1105: Error: Sqlite.jsm has been shutdown. Cannot open connection to: C:\Users\user\AppData\Local\Temp\rust_mozprofilekPWQbR\protections.sqlite

###!!! [Parent][PGPUParent] Error: RunMessage(msgname=PGPU::Msg_ShutdownVR) Channel closing: too late to send/recv, messages will be lost

1654006909421	geckodriver	INFO	Listening on 127.0.0.1:53424
1654006912513	mozrunner::runner	INFO	Running command: "C:\\Program Files\\Mozilla Firefox\\firefox.exe" "--marionette" "--remote-debugging-port" "53425" "--remote-allow-hosts" "localhost" "-no-remote" "-profile" "C:\\Users\\user\\AppData\\Local\\Temp\\rust_mozprofileiV2Jew"
1654006913196	Marionette	INFO	Marionette enabled
console.warn: SearchSettings: "get: No settings file exists, new profile?" (new NotFoundError("Could not open the file at C:\\Users\\user\\AppData\\Local\\Temp\\rust_mozprofileiV2Jew\\search.json.mozlz4", (void 0)))
DevTools listening on ws://localhost:53425/devtools/browser/13f75db2-8821-4760-bd41-bb168793da4c
1654006916081	Marionette	INFO	Listening on port 53453
Read port: 53453
1654006916146	RemoteAgent	WARN	TLS certificate errors will be ignored for this session
1654007199193	Marionette	INFO	Stopped listening on port 53453

###!!! [Parent][PContentParent] Error: Send(msgname=PContent::Msg_DestroyBrowsingContextGroup) Closed channel: cannot send/recv


###!!! [Parent][PGPUParent] Error: RunMessage(msgname=PGPU::Msg_ShutdownVR) Channel closing: too late to send/recv, messages will be lost

1654007264709	geckodriver	INFO	Listening on 127.0.0.1:53568
1654007267774	mozrunner::runner	INFO	Running command: "C:\\Program Files\\Mozilla Firefox\\firefox.exe" "--marionette" "--remote-debugging-port" "53569" "--remote-allow-hosts" "localhost" "-no-remote" "-profile" "C:\\Users\\user\\AppData\\Local\\Temp\\rust_mozprofileQFpBx8"
1654007268445	Marionette	INFO	Marionette enabled
console.warn: SearchSettings: "get: No settings file exists, new profile?" (new NotFoundError("Could not open the file at C:\\Users\\user\\AppData\\Local\\Temp\\rust_mozprofileQFpBx8\\search.json.mozlz4", (void 0)))
DevTools listening on ws://localhost:53569/devtools/browser/0bd2ff58-cd9c-4a4c-985d-8a0beef093a9
1654007271280	Marionette	INFO	Listening on port 53592
Read port: 53592
1654007271393	RemoteAgent	WARN	TLS certificate errors will be ignored for this session
1654007464135	Marionette	INFO	Stopped listening on port 53592

###!!! [Parent][PGPUParent] Error: RunMessage(msgname=PGPU::Msg_ShutdownVR) Channel closing: too late to send/recv, messages will be lost

1654007518678	geckodriver	INFO	Listening on 127.0.0.1:53647
1654007521722	mozrunner::runner	INFO	Running command: "C:\\Program Files\\Mozilla Firefox\\firefox.exe" "--marionette" "--remote-debugging-port" "53648" "--remote-allow-hosts" "localhost" "-no-remote" "-profile" "C:\\Users\\user\\AppData\\Local\\Temp\\rust_mozprofileWvnltu"
1654007522404	Marionette	INFO	Marionette enabled
console.warn: SearchSettings: "get: No settings file exists, new profile?" (new NotFoundError("Could not open the file at C:\\Users\\user\\AppData\\Local\\Temp\\rust_mozprofileWvnltu\\search.json.mozlz4", (void 0)))
DevTools listening on ws://localhost:53648/devtools/browser/d32edba1-1b99-4b41-a2fd-6668daee464e
1654007525146	Marionette	INFO	Listening on port 53672
Read port: 53672
1654007525275	RemoteAgent	WARN	TLS certificate errors will be ignored for this session
1654007691331	Marionette	INFO	Stopped listening on port 53672

###!!! [Parent][PContentParent] Error: Send(msgname=PContent::Msg_DestroyBrowsingContextGroup) Closed channel: cannot send/recv

JavaScript error: resource://gre/modules/Sqlite.jsm, line 1105: Error: Sqlite.jsm has been shutdown. Cannot open connection to: C:\Users\user\AppData\Local\Temp\rust_mozprofileWvnltu\protections.sqlite

###!!! [Parent][PGPUParent] Error: RunMessage(msgname=PGPU::Msg_ShutdownVR) Channel closing: too late to send/recv, messages will be lost

1654007724679	geckodriver	INFO	Listening on 127.0.0.1:53740
1654007727716	mozrunner::runner	INFO	Running command: "C:\\Program Files\\Mozilla Firefox\\firefox.exe" "--marionette" "--remote-debugging-port" "53741" "--remote-allow-hosts" "localhost" "-no-remote" "-profile" "C:\\Users\\user\\AppData\\Local\\Temp\\rust_mozprofilejUbfSv"
1654007728415	Marionette	INFO	Marionette enabled
console.warn: SearchSettings: "get: No settings file exists, new profile?" (new NotFoundError("Could not open the file at C:\\Users\\user\\AppData\\Local\\Temp\\rust_mozprofilejUbfSv\\search.json.mozlz4", (void 0)))
DevTools listening on ws://localhost:53741/devtools/browser/045f2c6e-5379-42c1-9bcd-f984a95ee75c
1654007731153	Marionette	INFO	Listening on port 53764
Read port: 53764
1654007731188	RemoteAgent	WARN	TLS certificate errors will be ignored for this session
1654007997915	Marionette	INFO	Stopped listening on port 53764
JavaScript error: resource://gre/modules/AsyncShutdown.jsm, line 718: Error: Phase "Sqlite.jsm: wait until all connections are closed" is finished, it is too late to register completion condition "protections.sqlite#0: waiting for shutdown"
1654008056932	geckodriver	INFO	Listening on 127.0.0.1:53830
1654008059999	mozrunner::runner	INFO	Running command: "C:\\Program Files\\Mozilla Firefox\\firefox.exe" "--marionette" "--remote-debugging-port" "53831" "--remote-allow-hosts" "localhost" "-no-remote" "-profile" "C:\\Users\\user\\AppData\\Local\\Temp\\rust_mozprofileCj8jjd"
1654008060711	Marionette	INFO	Marionette enabled
console.warn: SearchSettings: "get: No settings file exists, new profile?" (new NotFoundError("Could not open the file at C:\\Users\\user\\AppData\\Local\\Temp\\rust_mozprofileCj8jjd\\search.json.mozlz4", (void 0)))
DevTools listening on ws://localhost:53831/devtools/browser/1b5024d5-ed48-427c-9f0c-6722f5f47fd9
1654008063526	Marionette	INFO	Listening on port 53854
Read port: 53854
1654008063593	RemoteAgent	WARN	TLS certificate errors will be ignored for this session
1654008354774	Marionette	INFO	Stopped listening on port 53854
JavaScript error: resource://gre/modules/Sqlite.jsm, line 1105: Error: Sqlite.jsm has been shutdown. Cannot open connection to: C:\Users\user\AppData\Local\Temp\rust_mozprofileCj8jjd\protections.sqlite
[Parent 5396, IPC I/O Parent] WARNING: file /builds/worker/checkouts/gecko/ipc/chromium/src/base/process_util_win.cc:167
1654008365098	geckodriver	INFO	Listening on 127.0.0.1:53919
1654008368158	mozrunner::runner	INFO	Running command: "C:\\Program Files\\Mozilla Firefox\\firefox.exe" "--marionette" "--remote-debugging-port" "53920" "--remote-allow-hosts" "localhost" "-no-remote" "-profile" "C:\\Users\\user\\AppData\\Local\\Temp\\rust_mozprofileW6Prmb"
1654008368843	Marionette	INFO	Marionette enabled
console.warn: SearchSettings: "get: No settings file exists, new profile?" (new NotFoundError("Could not open the file at C:\\Users\\user\\AppData\\Local\\Temp\\rust_mozprofileW6Prmb\\search.json.mozlz4", (void 0)))
DevTools listening on ws://localhost:53920/devtools/browser/47b44c0e-5e82-41dd-ae04-7cbc1e00201d
1654008371680	Marionette	INFO	Listening on port 53945
Read port: 53945
1654008371766	RemoteAgent	WARN	TLS certificate errors will be ignored for this session
1654008695112	Marionette	INFO	Stopped listening on port 53945

###!!! [Parent][PContentParent] Error: Send(msgname=PContent::Msg_DestroyBrowsingContextGroup) Closed channel: cannot send/recv

JavaScript error: resource://gre/modules/Sqlite.jsm, line 1105: Error: Sqlite.jsm has been shutdown. Cannot open connection to: C:\Users\user\AppData\Local\Temp\rust_mozprofileW6Prmb\protections.sqlite
1655036803355	geckodriver	INFO	Listening on 127.0.0.1:50566
1655036806402	mozrunner::runner	INFO	Running command: "C:\\Program Files\\Mozilla Firefox\\firefox.exe" "--marionette" "--remote-debugging-port" "50567" "--remote-allow-hosts" "localhost" "-no-remote" "-profile" "C:\\Users\\user\\AppData\\Local\\Temp\\rust_mozprofilemGPUqa"
1655036806996	Marionette	INFO	Marionette enabled
WebDriver BiDi listening on ws://localhost:50567
console.warn: SearchSettings: "get: No settings file exists, new profile?" (new NotFoundError("Could not open the file at C:\\Users\\user\\AppData\\Local\\Temp\\rust_mozprofilemGPUqa\\search.json.mozlz4", (void 0)))
1655036809358	Marionette	INFO	Listening on port 50590
DevTools listening on ws://localhost:50567/devtools/browser/e83b6f8b-d92b-4949-865d-69f8054c14c8
Read port: 50590
1655036809424	RemoteAgent	WARN	TLS certificate errors will be ignored for this session
1655037059669	Marionette	INFO	Stopped listening on port 50590

###!!! [Parent][PContentParent] Error: Send(msgname=PContent::Msg_DestroyBrowsingContextGroup) Closed channel: cannot send/recv

JavaScript error: resource://gre/modules/Sqlite.jsm, line 1105: Error: Sqlite.jsm has been shutdown. Cannot open connection to: C:\Users\user\AppData\Local\Temp\rust_mozprofilemGPUqa\protections.sqlite
1655037088892	geckodriver	INFO	Listening on 127.0.0.1:50661
1655037091947	mozrunner::runner	INFO	Running command: "C:\\Program Files\\Mozilla Firefox\\firefox.exe" "--marionette" "--remote-debugging-port" "50662" "--remote-allow-hosts" "localhost" "-no-remote" "-profile" "C:\\Users\\user\\AppData\\Local\\Temp\\rust_mozprofileHMjIUm"
1655037092464	Marionette	INFO	Marionette enabled
WebDriver BiDi listening on ws://localhost:50662
console.warn: SearchSettings: "get: No settings file exists, new profile?" (new NotFoundError("Could not open the file at C:\\Users\\user\\AppData\\Local\\Temp\\rust_mozprofileHMjIUm\\search.json.mozlz4", (void 0)))
1655037094690	Marionette	INFO	Listening on port 50686
DevTools listening on ws://localhost:50662/devtools/browser/e9dfd1e0-4cf1-4574-a0ef-753f84a7943b
Read port: 50686
1655037094780	RemoteAgent	WARN	TLS certificate errors will be ignored for this session
1655037656892	Marionette	INFO	Stopped listening on port 50686

###!!! [Parent][PContentParent] Error: Send(msgname=PContent::Msg_DestroyBrowsingContextGroup) Closed channel: cannot send/recv

JavaScript error: resource://gre/modules/Sqlite.jsm, line 1105: Error: Sqlite.jsm has been shutdown. Cannot open connection to: C:\Users\user\AppData\Local\Temp\rust_mozprofileHMjIUm\protections.sqlite
1655037764211	geckodriver	INFO	Listening on 127.0.0.1:51019
1655037767267	mozrunner::runner	INFO	Running command: "C:\\Program Files\\Mozilla Firefox\\firefox.exe" "--marionette" "--remote-debugging-port" "51020" "--remote-allow-hosts" "localhost" "-no-remote" "-profile" "C:\\Users\\user\\AppData\\Local\\Temp\\rust_mozprofileJd0e4d"
1655037767782	Marionette	INFO	Marionette enabled
WebDriver BiDi listening on ws://localhost:51020
console.warn: SearchSettings: "get: No settings file exists, new profile?" (new NotFoundError("Could not open the file at C:\\Users\\user\\AppData\\Local\\Temp\\rust_mozprofileJd0e4d\\search.json.mozlz4", (void 0)))
1655037770135	Marionette	INFO	Listening on port 51043
Read port: 51043
DevTools listening on ws://localhost:51020/devtools/browser/49c9a7ae-d0b0-4959-80ee-f00e7ec4eece
1655037770179	RemoteAgent	WARN	TLS certificate errors will be ignored for this session
1655037806017	Marionette	INFO	Stopped listening on port 51043

###!!! [Child][PContentChild] Error: Send(msgname=PNecko::Msg_RemoveRequestContext) Channel closing: too late to send/recv, messages will be lost

console.warn: TopSitesFeed: Failed to fetch data from Contile server: NetworkError when attempting to fetch resource.
1655037819422	geckodriver	INFO	Listening on 127.0.0.1:51091
1655037822498	mozrunner::runner	INFO	Running command: "C:\\Program Files\\Mozilla Firefox\\firefox.exe" "--marionette" "--remote-debugging-port" "51092" "--remote-allow-hosts" "localhost" "-no-remote" "-profile" "C:\\Users\\user\\AppData\\Local\\Temp\\rust_mozprofileQhyew3"
1655037822999	Marionette	INFO	Marionette enabled
WebDriver BiDi listening on ws://localhost:51092
console.warn: SearchSettings: "get: No settings file exists, new profile?" (new NotFoundError("Could not open the file at C:\\Users\\user\\AppData\\Local\\Temp\\rust_mozprofileQhyew3\\search.json.mozlz4", (void 0)))
1655037825199	Marionette	INFO	Listening on port 51117
Read port: 51117
1655037825220	RemoteAgent	WARN	TLS certificate errors will be ignored for this session
DevTools listening on ws://localhost:51092/devtools/browser/1f245779-3d31-48d5-9432-fe4cc71b270b
1655038804471	Marionette	INFO	Stopped listening on port 51117

###!!! [Parent][PContentParent] Error: Send(msgname=PContent::Msg_DestroyBrowsingContextGroup) Closed channel: cannot send/recv

JavaScript error: resource://gre/modules/Sqlite.jsm, line 1105: Error: Sqlite.jsm has been shutdown. Cannot open connection to: C:\Users\user\AppData\Local\Temp\rust_mozprofileQhyew3\protections.sqlite
1655039340222	geckodriver	INFO	Listening on 127.0.0.1:51452
1655039343284	mozrunner::runner	INFO	Running command: "C:\\Program Files\\Mozilla Firefox\\firefox.exe" "--marionette" "--remote-debugging-port" "51453" "--remote-allow-hosts" "localhost" "-no-remote" "-profile" "C:\\Users\\user\\AppData\\Local\\Temp\\rust_mozprofileQtj2Ax"
1655039343867	Marionette	INFO	Marionette enabled
WebDriver BiDi listening on ws://localhost:51453
console.warn: SearchSettings: "get: No settings file exists, new profile?" (new NotFoundError("Could not open the file at C:\\Users\\user\\AppData\\Local\\Temp\\rust_mozprofileQtj2Ax\\search.json.mozlz4", (void 0)))
1655039345787	Marionette	INFO	Listening on port 51476
DevTools listening on ws://localhost:51453/devtools/browser/725581b2-49eb-46a0-b762-f7a48e9f844f
Read port: 51476
1655039345909	RemoteAgent	WARN	TLS certificate errors will be ignored for this session
1655039693978	Marionette	INFO	Stopped listening on port 51476

###!!! [Parent][PContentParent] Error: Send(msgname=PContent::Msg_DestroyBrowsingContextGroup) Closed channel: cannot send/recv

JavaScript error: resource://gre/modules/Sqlite.jsm, line 1105: Error: Sqlite.jsm has been shutdown. Cannot open connection to: C:\Users\user\AppData\Local\Temp\rust_mozprofileQtj2Ax\protections.sqlite
1655039716790	geckodriver	INFO	Listening on 127.0.0.1:51575
1655039719852	mozrunner::runner	INFO	Running command: "C:\\Program Files\\Mozilla Firefox\\firefox.exe" "--marionette" "--remote-debugging-port" "51576" "--remote-allow-hosts" "localhost" "-no-remote" "-profile" "C:\\Users\\user\\AppData\\Local\\Temp\\rust_mozprofileAqmAoI"
1655039720408	Marionette	INFO	Marionette enabled
WebDriver BiDi listening on ws://localhost:51576
console.warn: SearchSettings: "get: No settings file exists, new profile?" (new NotFoundError("Could not open the file at C:\\Users\\user\\AppData\\Local\\Temp\\rust_mozprofileAqmAoI\\search.json.mozlz4", (void 0)))
1655039722710	Marionette	INFO	Listening on port 51600
Read port: 51600
1655039722778	RemoteAgent	WARN	TLS certificate errors will be ignored for this session
DevTools listening on ws://localhost:51576/devtools/browser/7ee7eee7-9e04-40cc-a3a5-2dd501f74691
1655040107590	Marionette	INFO	Stopped listening on port 51600
!!! error running onStopped callback: TypeError: callback is not a function

###!!! [Parent][PContentParent] Error: Send(msgname=PContent::Msg_DestroyBrowsingContextGroup) Closed channel: cannot send/recv

JavaScript error: resource://gre/modules/Sqlite.jsm, line 1105: Error: Sqlite.jsm has been shutdown. Cannot open connection to: C:\Users\user\AppData\Local\Temp\rust_mozprofileAqmAoI\protections.sqlite
1655040127049	geckodriver	INFO	Listening on 127.0.0.1:51682
1655040130105	mozrunner::runner	INFO	Running command: "C:\\Program Files\\Mozilla Firefox\\firefox.exe" "--marionette" "--remote-debugging-port" "51683" "--remote-allow-hosts" "localhost" "-no-remote" "-profile" "C:\\Users\\user\\AppData\\Local\\Temp\\rust_mozprofileOQZdkU"
1655040130613	Marionette	INFO	Marionette enabled
WebDriver BiDi listening on ws://localhost:51683
console.warn: SearchSettings: "get: No settings file exists, new profile?" (new NotFoundError("Could not open the file at C:\\Users\\user\\AppData\\Local\\Temp\\rust_mozprofileOQZdkU\\search.json.mozlz4", (void 0)))
1655040132787	Marionette	INFO	Listening on port 51706
DevTools listening on ws://localhost:51683/devtools/browser/85d18f9a-5175-4590-a48d-3039d3f95138
Read port: 51706
1655040132841	RemoteAgent	WARN	TLS certificate errors will be ignored for this session
1655040562984	Marionette	INFO	Stopped listening on port 51706

###!!! [Child][PContentChild] Error: RunMessage(msgname=PContent::Reply_DiscardBrowsingContext) Channel closing: too late to send/recv, messages will be lost


###!!! [Child][PContentChild] Error: Send(msgname=PBrowser::Msg___delete__) Channel closing: too late to send/recv, messages will be lost


###!!! [Parent][PContentParent] Error: Send(msgname=PContent::Msg_DestroyBrowsingContextGroup) Closed channel: cannot send/recv

JavaScript error: resource://gre/modules/Sqlite.jsm, line 1105: Error: Sqlite.jsm has been shutdown. Cannot open connection to: C:\Users\user\AppData\Local\Temp\rust_mozprofileOQZdkU\protections.sqlite

###!!! [Parent][PGPUParent] Error: RunMessage(msgname=PGPU::Msg_ShutdownVR) Channel closing: too late to send/recv, messages will be lost

1655040590946	geckodriver	INFO	Listening on 127.0.0.1:51851
1655040594012	mozrunner::runner	INFO	Running command: "C:\\Program Files\\Mozilla Firefox\\firefox.exe" "--marionette" "--remote-debugging-port" "51852" "--remote-allow-hosts" "localhost" "-no-remote" "-profile" "C:\\Users\\user\\AppData\\Local\\Temp\\rust_mozprofiles8xuQ7"
1655040594553	Marionette	INFO	Marionette enabled
WebDriver BiDi listening on ws://localhost:51852
console.warn: SearchSettings: "get: No settings file exists, new profile?" (new NotFoundError("Could not open the file at C:\\Users\\user\\AppData\\Local\\Temp\\rust_mozprofiles8xuQ7\\search.json.mozlz4", (void 0)))
1655040596702	Marionette	INFO	Listening on port 51876
Read port: 51876
DevTools listening on ws://localhost:51852/devtools/browser/1ee55f37-f352-4b5c-a593-06971bef9ed7
1655040596735	RemoteAgent	WARN	TLS certificate errors will be ignored for this session
1655040965835	Marionette	INFO	Stopped listening on port 51876

###!!! [Parent][PContentParent] Error: Send(msgname=PContent::Msg_DestroyBrowsingContextGroup) Closed channel: cannot send/recv

JavaScript error: resource://gre/modules/Sqlite.jsm, line 1105: Error: Sqlite.jsm has been shutdown. Cannot open connection to: C:\Users\user\AppData\Local\Temp\rust_mozprofiles8xuQ7\protections.sqlite

###!!! [Parent][PGPUParent] Error: RunMessage(msgname=PGPU::Msg_ShutdownVR) Channel closing: too late to send/recv, messages will be lost

1655040970230	geckodriver	INFO	Listening on 127.0.0.1:52010
1655040973271	mozrunner::runner	INFO	Running command: "C:\\Program Files\\Mozilla Firefox\\firefox.exe" "--marionette" "--remote-debugging-port" "52011" "--remote-allow-hosts" "localhost" "-no-remote" "-profile" "C:\\Users\\user\\AppData\\Local\\Temp\\rust_mozprofilerG7Xcc"
1655040973788	Marionette	INFO	Marionette enabled
WebDriver BiDi listening on ws://localhost:52011
console.warn: SearchSettings: "get: No settings file exists, new profile?" (new NotFoundError("Could not open the file at C:\\Users\\user\\AppData\\Local\\Temp\\rust_mozprofilerG7Xcc\\search.json.mozlz4", (void 0)))
1655040975988	Marionette	INFO	Listening on port 52034
DevTools listening on ws://localhost:52011/devtools/browser/e948fcb8-1888-4f5c-9c08-3583d49bf6ec
Read port: 52034
1655040976105	RemoteAgent	WARN	TLS certificate errors will be ignored for this session
1655040987021	Marionette	INFO	Stopped listening on port 52034
1655040999944	geckodriver	INFO	Listening on 127.0.0.1:52077
1655041003030	mozrunner::runner	INFO	Running command: "C:\\Program Files\\Mozilla Firefox\\firefox.exe" "--marionette" "--remote-debugging-port" "52078" "--remote-allow-hosts" "localhost" "-no-remote" "-profile" "C:\\Users\\user\\AppData\\Local\\Temp\\rust_mozprofilezEq9o0"
1655041003445	Marionette	INFO	Marionette enabled
WebDriver BiDi listening on ws://localhost:52078
console.warn: SearchSettings: "get: No settings file exists, new profile?" (new NotFoundError("Could not open the file at C:\\Users\\user\\AppData\\Local\\Temp\\rust_mozprofilezEq9o0\\search.json.mozlz4", (void 0)))
1655041005220	Marionette	INFO	Listening on port 52102
DevTools listening on ws://localhost:52078/devtools/browser/7f9a6ec7-60ee-466e-a256-4b04967fb10d
Read port: 52102
1655041005305	RemoteAgent	WARN	TLS certificate errors will be ignored for this session
1655041437882	Marionette	INFO	Stopped listening on port 52102
1655041443674	geckodriver	INFO	Listening on 127.0.0.1:52225
1655041446734	mozrunner::runner	INFO	Running command: "C:\\Program Files\\Mozilla Firefox\\firefox.exe" "--marionette" "--remote-debugging-port" "52226" "--remote-allow-hosts" "localhost" "-no-remote" "-profile" "C:\\Users\\user\\AppData\\Local\\Temp\\rust_mozprofileXC6DYZ"
1655041447240	Marionette	INFO	Marionette enabled
WebDriver BiDi listening on ws://localhost:52226
console.warn: SearchSettings: "get: No settings file exists, new profile?" (new NotFoundError("Could not open the file at C:\\Users\\user\\AppData\\Local\\Temp\\rust_mozprofileXC6DYZ\\search.json.mozlz4", (void 0)))
1655041449447	Marionette	INFO	Listening on port 52249
DevTools listening on ws://localhost:52226/devtools/browser/2c1bf4eb-a0e3-481b-a380-27a9da79c923
Read port: 52249
1655041449541	RemoteAgent	WARN	TLS certificate errors will be ignored for this session
1655042066095	Marionette	INFO	Stopped listening on port 52249
!!! error running onStopped callback: TypeError: callback is not a function

###!!! [Parent][PContentParent] Error: Send(msgname=PContent::Msg_DestroyBrowsingContextGroup) Closed channel: cannot send/recv

JavaScript error: resource://gre/modules/Sqlite.jsm, line 1105: Error: Sqlite.jsm has been shutdown. Cannot open connection to: C:\Users\user\AppData\Local\Temp\rust_mozprofileXC6DYZ\protections.sqlite
1655042098014	geckodriver	INFO	Listening on 127.0.0.1:52396
1655042101072	mozrunner::runner	INFO	Running command: "C:\\Program Files\\Mozilla Firefox\\firefox.exe" "--marionette" "--remote-debugging-port" "52397" "--remote-allow-hosts" "localhost" "-no-remote" "-profile" "C:\\Users\\user\\AppData\\Local\\Temp\\rust_mozprofileSrGFgk"
1655042101573	Marionette	INFO	Marionette enabled
WebDriver BiDi listening on ws://localhost:52397
console.warn: SearchSettings: "get: No settings file exists, new profile?" (new NotFoundError("Could not open the file at C:\\Users\\user\\AppData\\Local\\Temp\\rust_mozprofileSrGFgk\\search.json.mozlz4", (void 0)))
1655042103760	Marionette	INFO	Listening on port 52422
DevTools listening on ws://localhost:52397/devtools/browser/90dba2f4-997c-48ce-ab1b-49a9cfbe3d0c
Read port: 52422
1655042103831	RemoteAgent	WARN	TLS certificate errors will be ignored for this session
1655042118523	Marionette	INFO	Stopped listening on port 52422
console.warn: TopSitesFeed: Failed to fetch data from Contile server: NetworkError when attempting to fetch resource.
1655042128422	geckodriver	INFO	Listening on 127.0.0.1:52458
1655042131483	mozrunner::runner	INFO	Running command: "C:\\Program Files\\Mozilla Firefox\\firefox.exe" "--marionette" "--remote-debugging-port" "52459" "--remote-allow-hosts" "localhost" "-no-remote" "-profile" "C:\\Users\\user\\AppData\\Local\\Temp\\rust_mozprofileslkm6E"
1655042131967	Marionette	INFO	Marionette enabled
WebDriver BiDi listening on ws://localhost:52459
console.warn: SearchSettings: "get: No settings file exists, new profile?" (new NotFoundError("Could not open the file at C:\\Users\\user\\AppData\\Local\\Temp\\rust_mozprofileslkm6E\\search.json.mozlz4", (void 0)))
1655042134234	Marionette	INFO	Listening on port 52483
DevTools listening on ws://localhost:52459/devtools/browser/a9617969-9643-4cb6-b941-a426185a7b69
Read port: 52483
1655042134318	RemoteAgent	WARN	TLS certificate errors will be ignored for this session
1655043055486	Marionette	INFO	Stopped listening on port 52483
console.warn: TopSitesFeed: Failed to fetch data from Contile server: NetworkError when attempting to fetch resource.
[Parent 25580, IPC I/O Parent] WARNING: file /builds/worker/checkouts/gecko/ipc/chromium/src/base/process_util_win.cc:167

###!!! [Parent][PGPUParent] Error: RunMessage(msgname=PGPU::Msg_ShutdownVR) Channel closing: too late to send/recv, messages will be lost

1658052660534	geckodriver	INFO	Listening on 127.0.0.1:50638
1658052663578	mozrunner::runner	INFO	Running command: "C:\\Program Files\\Mozilla Firefox\\firefox.exe" "--marionette" "--remote-debugging-port" "50639" "--remote-allow-hosts" "localhost" "-no-remote" "-profile" "C:\\Users\\user\\AppData\\Local\\Temp\\rust_mozprofilezazSy5"
1658052664189	Marionette	INFO	Marionette enabled
1658052664200	Marionette	INFO	Listening on port 50650
WebDriver BiDi listening on ws://localhost:50639
Read port: 50650
1658052664379	RemoteAgent	WARN	TLS certificate errors will be ignored for this session
console.warn: SearchSettings: "get: No settings file exists, new profile?" (new NotFoundError("Could not open the file at C:\\Users\\user\\AppData\\Local\\Temp\\rust_mozprofilezazSy5\\search.json.mozlz4", (void 0)))
DevTools listening on ws://localhost:50639/devtools/browser/c764bb8e-1476-4e8a-a6bf-8512d7d9720e
1658053043149	Marionette	INFO	Stopped listening on port 50650
JavaScript error: resource://gre/modules/Sqlite.jsm, line 1105: Error: Sqlite.jsm has been shutdown. Cannot open connection to: C:\Users\user\AppData\Local\Temp\rust_mozprofilezazSy5\protections.sqlite
1658053129948	geckodriver	INFO	Listening on 127.0.0.1:50781
1658053133020	mozrunner::runner	INFO	Running command: "C:\\Program Files\\Mozilla Firefox\\firefox.exe" "--marionette" "--remote-debugging-port" "50782" "--remote-allow-hosts" "localhost" "-no-remote" "-profile" "C:\\Users\\user\\AppData\\Local\\Temp\\rust_mozprofileKncoDz"
1658053133538	Marionette	INFO	Marionette enabled
1658053133547	Marionette	INFO	Listening on port 50792
WebDriver BiDi listening on ws://localhost:50782
Read port: 50792
1658053133696	RemoteAgent	WARN	TLS certificate errors will be ignored for this session
console.warn: SearchSettings: "get: No settings file exists, new profile?" (new NotFoundError("Could not open the file at C:\\Users\\user\\AppData\\Local\\Temp\\rust_mozprofileKncoDz\\search.json.mozlz4", (void 0)))
DevTools listening on ws://localhost:50782/devtools/browser/fb880fa0-e71b-4d53-8e8a-93a4b636f38f
1658053162312	Marionette	INFO	Stopped listening on port 50792
console.warn: TopSitesFeed: Failed to fetch data from Contile server: NetworkError when attempting to fetch resource.
1658053164669	geckodriver	INFO	Listening on 127.0.0.1:50842
1658053180210	geckodriver	INFO	Listening on 127.0.0.1:50853
1658053183298	mozrunner::runner	INFO	Running command: "C:\\Program Files\\Mozilla Firefox\\firefox.exe" "--marionette" "--remote-debugging-port" "50854" "--remote-allow-hosts" "localhost" "-no-remote" "-profile" "C:\\Users\\user\\AppData\\Local\\Temp\\rust_mozprofileEy5yJz"
1658053183788	Marionette	INFO	Marionette enabled
1658053183799	Marionette	INFO	Listening on port 50864
WebDriver BiDi listening on ws://localhost:50854
Read port: 50864
1658053183950	RemoteAgent	WARN	TLS certificate errors will be ignored for this session
console.warn: SearchSettings: "get: No settings file exists, new profile?" (new NotFoundError("Could not open the file at C:\\Users\\user\\AppData\\Local\\Temp\\rust_mozprofileEy5yJz\\search.json.mozlz4", (void 0)))
DevTools listening on ws://localhost:50854/devtools/browser/9726b5dc-dae5-4c09-b51f-ffacb53efac2
1658057207250	Marionette	INFO	Stopped listening on port 50864
JavaScript error: resource://gre/modules/Sqlite.jsm, line 1105: Error: Sqlite.jsm has been shutdown. Cannot open connection to: C:\Users\user\AppData\Local\Temp\rust_mozprofileEy5yJz\protections.sqlite
1658057280843	geckodriver	INFO	Listening on 127.0.0.1:51933
1658057283852	mozrunner::runner	INFO	Running command: "C:\\Program Files\\Mozilla Firefox\\firefox.exe" "--marionette" "--remote-debugging-port" "51934" "--remote-allow-hosts" "localhost" "-no-remote" "-profile" "C:\\Users\\user\\AppData\\Local\\Temp\\rust_mozprofilegbNxZu"
1658057284253	Marionette	INFO	Marionette enabled
1658057284260	Marionette	INFO	Listening on port 51945
WebDriver BiDi listening on ws://localhost:51934
Read port: 51945
1658057284360	RemoteAgent	WARN	TLS certificate errors will be ignored for this session
console.warn: SearchSettings: "get: No settings file exists, new profile?" (new NotFoundError("Could not open the file at C:\\Users\\user\\AppData\\Local\\Temp\\rust_mozprofilegbNxZu\\search.json.mozlz4", (void 0)))
DevTools listening on ws://localhost:51934/devtools/browser/9e5025d4-6652-4cb4-8681-2bf488feb749
1658059418372	Marionette	INFO	Stopped listening on port 51945
JavaScript error: resource://gre/modules/Sqlite.jsm, line 1105: Error: Sqlite.jsm has been shutdown. Cannot open connection to: C:\Users\user\AppData\Local\Temp\rust_mozprofilegbNxZu\protections.sqlite
file" "C:\\Users\\user\\AppData\\Local\\Temp\\rust_mozprofileFpn7EP"
1658057515884	Marionette	INFO	Marionette enabled
1658057515890	Marionette	INFO	Listening on port 52121
WebDriver BiDi listening on ws://localhost:52109
Read port: 52121
1658057515992	RemoteAgent	WARN	TLS certificate errors will be ignored for this session
console.warn: SearchSettings: "get: No settings file exists, new profile?" (new NotFoundError("Could not open the file at C:\\Users\\user\\AppData\\Local\\Temp\\rust_mozprofileFpn7EP\\search.json.mozlz4", (void 0)))
DevTools listening on ws://localhost:52109/devtools/browser/8950e0f2-7a6f-4a1b-bc43-de0dff91b7b0
1658059418134	Marionette	INFO	Stopped listening on port 52121
JavaScript error: resource://gre/modules/Sqlite.jsm, line 1105: Error: Sqlite.jsm has been shutdown. Cannot open connection to: C:\Users\user\AppData\Local\Temp\rust_mozprofileFpn7EP\protections.sqlite
file" "C:\\Users\\user\\AppData\\Local\\Temp\\rust_mozprofilePyJEX4"
1658057623766	Marionette	INFO	Marionette enabled
1658057623775	Marionette	INFO	Listening on port 52260
WebDriver BiDi listening on ws://localhost:52250
Read port: 52260
1658057623901	RemoteAgent	WARN	TLS certificate errors will be ignored for this session
console.warn: SearchSettings: "get: No settings file exists, new profile?" (new NotFoundError("Could not open the file at C:\\Users\\user\\AppData\\Local\\Temp\\rust_mozprofilePyJEX4\\search.json.mozlz4", (void 0)))
DevTools listening on ws://localhost:52250/devtools/browser/71214b61-98be-49aa-bab9-da9d72bacdeb
1658059422390	Marionette	INFO	Stopped listening on port 52260
JavaScript error: resource://gre/modules/Sqlite.jsm, line 1105: Error: Sqlite.jsm has been shutdown. Cannot open connection to: C:\Users\user\AppData\Local\Temp\rust_mozprofilePyJEX4\protections.sqlite
1658059650923	geckodriver	INFO	Listening on 127.0.0.1:52618
1658059653989	mozrunner::runner	INFO	Running command: "C:\\Program Files\\Mozilla Firefox\\firefox.exe" "--marionette" "--remote-debugging-port" "52619" "--remote-allow-hosts" "localhost" "-no-remote" "-profile" "C:\\Users\\user\\AppData\\Local\\Temp\\rust_mozprofileiH2cR2"
1658059654438	Marionette	INFO	Marionette enabled
1658059654446	Marionette	INFO	Listening on port 52629
WebDriver BiDi listening on ws://localhost:52619
Read port: 52629
1658059654728	RemoteAgent	WARN	TLS certificate errors will be ignored for this session
console.warn: SearchSettings: "get: No settings file exists, new profile?" (new NotFoundError("Could not open the file at C:\\Users\\user\\AppData\\Local\\Temp\\rust_mozprofileiH2cR2\\search.json.mozlz4", (void 0)))
DevTools listening on ws://localhost:52619/devtools/browser/457147c3-46bf-4497-9123-727a44c7c0e1
1658061157081	Marionette	INFO	Stopped listening on port 52629
JavaScript error: resource://gre/modules/Sqlite.jsm, line 1105: Error: Sqlite.jsm has been shutdown. Cannot open connection to: C:\Users\user\AppData\Local\Temp\rust_mozprofileiH2cR2\protections.sqlite
